<?xml version="1.0" encoding="UTF-8"?>
<testng-results ignored="16" total="21" passed="5" failed="0" skipped="0">
  <reporter-output>
  </reporter-output>
  <suite started-at="2023-02-05T17:45:18 IST" name="Suite" finished-at="2023-02-05T17:46:28 IST" duration-ms="69892">
    <groups>
      <group name="regression">
        <method signature="CreateCampWithProduct.createCampWithProduct()[pri:0, instance:campaigns.CreateCampWithProduct@3a93b025]" name="createCampWithProduct" class="campaigns.CreateCampWithProduct"/>
        <method signature="CreateDeleteProduct.createDeleteProduct()[pri:0, instance:products.CreateDeleteProduct@478190fc]" name="createDeleteProduct" class="products.CreateDeleteProduct"/>
        <method signature="CreateProduct.createProduct()[pri:0, instance:products.CreateProduct@38c6f217]" name="createProduct" class="products.CreateProduct"/>
      </group> <!-- regression -->
      <group name="smoke">
        <method signature="CreateProduct.createProduct()[pri:0, instance:products.CreateProduct@38c6f217]" name="createProduct" class="products.CreateProduct"/>
      </group> <!-- smoke -->
    </groups>
    <test started-at="2023-02-05T17:45:18 IST" name="Test" finished-at="2023-02-05T17:46:28 IST" duration-ms="69892">
      <class name="campaigns.CreateCampaign">
        <test-method is-config="true" signature="beforeClass()[pri:0, instance:campaigns.CreateCampaign@79e2c065]" started-at="2023-02-05T17:45:58 IST" name="beforeClass" finished-at="2023-02-05T17:45:59 IST" duration-ms="883" status="PASS">
          <reporter-output>
          </reporter-output>
        </test-method> <!-- beforeClass -->
        <test-method is-config="true" signature="beforeMethod()[pri:0, instance:campaigns.CreateCampaign@79e2c065]" started-at="2023-02-05T17:45:59 IST" name="beforeMethod" finished-at="2023-02-05T17:46:02 IST" duration-ms="2847" status="PASS">
          <reporter-output>
          </reporter-output>
        </test-method> <!-- beforeMethod -->
        <test-method signature="createCampaign()[pri:0, instance:campaigns.CreateCampaign@79e2c065]" started-at="2023-02-05T17:46:02 IST" name="createCampaign" finished-at="2023-02-05T17:46:09 IST" duration-ms="6944" status="PASS">
          <reporter-output>
          </reporter-output>
        </test-method> <!-- createCampaign -->
        <test-method is-config="true" signature="afterClass()[pri:0, instance:campaigns.CreateCampaign@79e2c065]" started-at="2023-02-05T17:46:09 IST" name="afterClass" finished-at="2023-02-05T17:46:09 IST" duration-ms="636" status="PASS">
          <reporter-output>
          </reporter-output>
        </test-method> <!-- afterClass -->
        <test-method is-config="true" signature="afterMethod()[pri:0, instance:campaigns.CreateCampaign@79e2c065]" started-at="2023-02-05T17:46:09 IST" name="afterMethod" finished-at="2023-02-05T17:46:09 IST" duration-ms="0" status="PASS">
          <reporter-output>
          </reporter-output>
        </test-method> <!-- afterMethod -->
      </class> <!-- campaigns.CreateCampaign -->
      <class name="products.CreateProduct">
        <test-method is-config="true" signature="beforeClass()[pri:0, instance:products.CreateProduct@38c6f217]" started-at="2023-02-05T17:45:33 IST" name="beforeClass" finished-at="2023-02-05T17:45:34 IST" duration-ms="929" status="PASS">
          <reporter-output>
          </reporter-output>
        </test-method> <!-- beforeClass -->
        <test-method is-config="true" signature="beforeMethod()[pri:0, instance:products.CreateProduct@38c6f217]" started-at="2023-02-05T17:45:34 IST" name="beforeMethod" finished-at="2023-02-05T17:45:37 IST" duration-ms="2984" status="PASS">
          <reporter-output>
          </reporter-output>
        </test-method> <!-- beforeMethod -->
        <test-method signature="createProduct()[pri:0, instance:products.CreateProduct@38c6f217]" started-at="2023-02-05T17:45:37 IST" name="createProduct" finished-at="2023-02-05T17:45:44 IST" duration-ms="7155" status="PASS">
          <reporter-output>
          </reporter-output>
        </test-method> <!-- createProduct -->
        <test-method is-config="true" signature="afterMethod()[pri:0, instance:products.CreateProduct@38c6f217]" started-at="2023-02-05T17:45:44 IST" name="afterMethod" finished-at="2023-02-05T17:45:44 IST" duration-ms="0" status="PASS">
          <reporter-output>
          </reporter-output>
        </test-method> <!-- afterMethod -->
        <test-method is-config="true" signature="afterClass()[pri:0, instance:products.CreateProduct@38c6f217]" started-at="2023-02-05T17:45:44 IST" name="afterClass" finished-at="2023-02-05T17:45:45 IST" duration-ms="642" status="PASS">
          <reporter-output>
          </reporter-output>
        </test-method> <!-- afterClass -->
      </class> <!-- products.CreateProduct -->
      <class name="products.CreateDeleteProduct">
        <test-method is-config="true" signature="beforeClass()[pri:0, instance:products.CreateDeleteProduct@478190fc]" started-at="2023-02-05T17:45:45 IST" name="beforeClass" finished-at="2023-02-05T17:45:46 IST" duration-ms="923" status="PASS">
          <reporter-output>
          </reporter-output>
        </test-method> <!-- beforeClass -->
        <test-method is-config="true" signature="beforeMethod()[pri:0, instance:products.CreateDeleteProduct@478190fc]" started-at="2023-02-05T17:45:46 IST" name="beforeMethod" finished-at="2023-02-05T17:45:48 IST" duration-ms="2756" status="PASS">
          <reporter-output>
          </reporter-output>
        </test-method> <!-- beforeMethod -->
        <test-method signature="createDeleteProduct()[pri:0, instance:products.CreateDeleteProduct@478190fc]" started-at="2023-02-05T17:45:48 IST" name="createDeleteProduct" finished-at="2023-02-05T17:45:57 IST" duration-ms="9079" status="PASS">
          <reporter-output>
          </reporter-output>
        </test-method> <!-- createDeleteProduct -->
        <test-method is-config="true" signature="afterMethod()[pri:0, instance:products.CreateDeleteProduct@478190fc]" started-at="2023-02-05T17:45:57 IST" name="afterMethod" finished-at="2023-02-05T17:45:57 IST" duration-ms="0" status="PASS">
          <reporter-output>
          </reporter-output>
        </test-method> <!-- afterMethod -->
        <test-method is-config="true" signature="afterClass()[pri:0, instance:products.CreateDeleteProduct@478190fc]" started-at="2023-02-05T17:45:57 IST" name="afterClass" finished-at="2023-02-05T17:45:58 IST" duration-ms="643" status="PASS">
          <reporter-output>
          </reporter-output>
        </test-method> <!-- afterClass -->
      </class> <!-- products.CreateDeleteProduct -->
      <class name="organizations.CreateOrganization">
        <test-method is-config="true" signature="beforeSuite()[pri:0, instance:organizations.CreateOrganization@6ae5aa72]" started-at="2023-02-05T17:45:18 IST" name="beforeSuite" finished-at="2023-02-05T17:45:18 IST" duration-ms="8" status="PASS">
          <reporter-output>
          </reporter-output>
        </test-method> <!-- beforeSuite -->
        <test-method is-config="true" signature="beforeTest()[pri:0, instance:organizations.CreateOrganization@6ae5aa72]" started-at="2023-02-05T17:45:18 IST" name="beforeTest" finished-at="2023-02-05T17:45:18 IST" duration-ms="1" status="PASS">
          <reporter-output>
          </reporter-output>
        </test-method> <!-- beforeTest -->
        <test-method is-config="true" signature="beforeClass()[pri:0, instance:organizations.CreateOrganization@6ae5aa72]" started-at="2023-02-05T17:45:18 IST" name="beforeClass" finished-at="2023-02-05T17:45:21 IST" duration-ms="3006" status="PASS">
          <reporter-output>
          </reporter-output>
        </test-method> <!-- beforeClass -->
        <test-method is-config="true" signature="beforeMethod()[pri:0, instance:organizations.CreateOrganization@6ae5aa72]" started-at="2023-02-05T17:45:21 IST" name="beforeMethod" finished-at="2023-02-05T17:45:24 IST" duration-ms="2941" status="PASS">
          <reporter-output>
          </reporter-output>
        </test-method> <!-- beforeMethod -->
        <test-method signature="createOrganizaion()[pri:0, instance:organizations.CreateOrganization@6ae5aa72]" started-at="2023-02-05T17:45:24 IST" name="createOrganizaion" finished-at="2023-02-05T17:45:32 IST" duration-ms="8385" status="PASS">
          <reporter-output>
          </reporter-output>
        </test-method> <!-- createOrganizaion -->
        <test-method is-config="true" signature="afterMethod()[pri:0, instance:organizations.CreateOrganization@6ae5aa72]" started-at="2023-02-05T17:45:32 IST" name="afterMethod" finished-at="2023-02-05T17:45:32 IST" duration-ms="0" status="PASS">
          <reporter-output>
          </reporter-output>
        </test-method> <!-- afterMethod -->
        <test-method is-config="true" signature="afterClass()[pri:0, instance:organizations.CreateOrganization@6ae5aa72]" started-at="2023-02-05T17:45:32 IST" name="afterClass" finished-at="2023-02-05T17:45:33 IST" duration-ms="659" status="PASS">
          <reporter-output>
          </reporter-output>
        </test-method> <!-- afterClass -->
        <test-method is-config="true" signature="afterTest()[pri:0, instance:organizations.CreateOrganization@6ae5aa72]" started-at="2023-02-05T17:46:28 IST" name="afterTest" finished-at="2023-02-05T17:46:28 IST" duration-ms="1" status="PASS">
          <reporter-output>
          </reporter-output>
        </test-method> <!-- afterTest -->
        <test-method is-config="true" signature="afterSuite()[pri:0, instance:organizations.CreateOrganization@6ae5aa72]" started-at="2023-02-05T17:46:28 IST" name="afterSuite" finished-at="2023-02-05T17:46:28 IST" duration-ms="1" status="PASS">
          <reporter-output>
          </reporter-output>
        </test-method> <!-- afterSuite -->
      </class> <!-- organizations.CreateOrganization -->
      <class name="campaigns.CreateCampWithProduct">
        <test-method is-config="true" signature="beforeClass()[pri:0, instance:campaigns.CreateCampWithProduct@3a93b025]" started-at="2023-02-05T17:46:09 IST" name="beforeClass" finished-at="2023-02-05T17:46:10 IST" duration-ms="939" status="PASS">
          <reporter-output>
          </reporter-output>
        </test-method> <!-- beforeClass -->
        <test-method is-config="true" signature="beforeMethod()[pri:0, instance:campaigns.CreateCampWithProduct@3a93b025]" started-at="2023-02-05T17:46:10 IST" name="beforeMethod" finished-at="2023-02-05T17:46:13 IST" duration-ms="2924" status="PASS">
          <reporter-output>
          </reporter-output>
        </test-method> <!-- beforeMethod -->
        <test-method signature="createCampWithProduct()[pri:0, instance:campaigns.CreateCampWithProduct@3a93b025]" started-at="2023-02-05T17:46:13 IST" name="createCampWithProduct" finished-at="2023-02-05T17:46:27 IST" duration-ms="13885" status="PASS">
          <reporter-output>
          </reporter-output>
        </test-method> <!-- createCampWithProduct -->
        <test-method is-config="true" signature="afterMethod()[pri:0, instance:campaigns.CreateCampWithProduct@3a93b025]" started-at="2023-02-05T17:46:27 IST" name="afterMethod" finished-at="2023-02-05T17:46:27 IST" duration-ms="1" status="PASS">
          <reporter-output>
          </reporter-output>
        </test-method> <!-- afterMethod -->
        <test-method is-config="true" signature="afterClass()[pri:0, instance:campaigns.CreateCampWithProduct@3a93b025]" started-at="2023-02-05T17:46:27 IST" name="afterClass" finished-at="2023-02-05T17:46:28 IST" duration-ms="663" status="PASS">
          <reporter-output>
          </reporter-output>
        </test-method> <!-- afterClass -->
      </class> <!-- campaigns.CreateCampWithProduct -->
    </test> <!-- Test -->
  </suite> <!-- Suite -->
</testng-results>
