<?xml version="1.0" encoding="UTF-8"?>
<testng-results ignored="0" total="5" passed="5" failed="0" skipped="0">
  <reporter-output>
  </reporter-output>
  <suite started-at="2024-03-03T20:06:49 IST" name="Suite" finished-at="2024-03-03T20:08:03 IST" duration-ms="73227">
    <groups>
      <group name="regression">
        <method signature="CreateCampWithProduct.createCampWithProduct()[pri:0, instance:campaigns.CreateCampWithProduct@10683d9d]" name="createCampWithProduct" class="campaigns.CreateCampWithProduct"/>
        <method signature="CreateDeleteProduct.createDeleteProduct()[pri:0, instance:products.CreateDeleteProduct@2f4948e4]" name="createDeleteProduct" class="products.CreateDeleteProduct"/>
        <method signature="CreateProduct.createProduct()[pri:0, instance:products.CreateProduct@6a78afa0]" name="createProduct" class="products.CreateProduct"/>
      </group> <!-- regression -->
      <group name="smoke">
        <method signature="CreateProduct.createProduct()[pri:0, instance:products.CreateProduct@6a78afa0]" name="createProduct" class="products.CreateProduct"/>
      </group> <!-- smoke -->
    </groups>
    <test started-at="2024-03-03T20:06:49 IST" name="Test" finished-at="2024-03-03T20:08:03 IST" duration-ms="73227">
      <class name="campaigns.CreateCampaign">
        <test-method is-config="true" signature="beforeClass()[pri:0, instance:campaigns.CreateCampaign@1f2586d6]" started-at="2024-03-03T20:07:32 IST" name="beforeClass" finished-at="2024-03-03T20:07:33 IST" duration-ms="1375" status="PASS">
          <reporter-output>
          </reporter-output>
        </test-method> <!-- beforeClass -->
        <test-method is-config="true" signature="beforeMethod()[pri:0, instance:campaigns.CreateCampaign@1f2586d6]" started-at="2024-03-03T20:07:33 IST" name="beforeMethod" finished-at="2024-03-03T20:07:36 IST" duration-ms="2860" status="PASS">
          <reporter-output>
          </reporter-output>
        </test-method> <!-- beforeMethod -->
        <test-method signature="createCampaign()[pri:0, instance:campaigns.CreateCampaign@1f2586d6]" started-at="2024-03-03T20:07:36 IST" name="createCampaign" finished-at="2024-03-03T20:07:43 IST" duration-ms="7141" status="PASS">
          <reporter-output>
          </reporter-output>
        </test-method> <!-- createCampaign -->
        <test-method is-config="true" signature="afterMethod()[pri:0, instance:campaigns.CreateCampaign@1f2586d6]" started-at="2024-03-03T20:07:43 IST" name="afterMethod" finished-at="2024-03-03T20:07:43 IST" duration-ms="1" status="PASS">
          <reporter-output>
          </reporter-output>
        </test-method> <!-- afterMethod -->
        <test-method is-config="true" signature="afterClass()[pri:0, instance:campaigns.CreateCampaign@1f2586d6]" started-at="2024-03-03T20:07:43 IST" name="afterClass" finished-at="2024-03-03T20:07:44 IST" duration-ms="671" status="PASS">
          <reporter-output>
          </reporter-output>
        </test-method> <!-- afterClass -->
      </class> <!-- campaigns.CreateCampaign -->
      <class name="products.CreateDeleteProduct">
        <test-method is-config="true" signature="beforeClass()[pri:0, instance:products.CreateDeleteProduct@2f4948e4]" started-at="2024-03-03T20:07:18 IST" name="beforeClass" finished-at="2024-03-03T20:07:19 IST" duration-ms="1360" status="PASS">
          <reporter-output>
          </reporter-output>
        </test-method> <!-- beforeClass -->
        <test-method is-config="true" signature="beforeMethod()[pri:0, instance:products.CreateDeleteProduct@2f4948e4]" started-at="2024-03-03T20:07:19 IST" name="beforeMethod" finished-at="2024-03-03T20:07:22 IST" duration-ms="2782" status="PASS">
          <reporter-output>
          </reporter-output>
        </test-method> <!-- beforeMethod -->
        <test-method signature="createDeleteProduct()[pri:0, instance:products.CreateDeleteProduct@2f4948e4]" started-at="2024-03-03T20:07:22 IST" name="createDeleteProduct" finished-at="2024-03-03T20:07:31 IST" duration-ms="9089" status="PASS">
          <reporter-output>
          </reporter-output>
        </test-method> <!-- createDeleteProduct -->
        <test-method is-config="true" signature="afterMethod()[pri:0, instance:products.CreateDeleteProduct@2f4948e4]" started-at="2024-03-03T20:07:31 IST" name="afterMethod" finished-at="2024-03-03T20:07:31 IST" duration-ms="12" status="PASS">
          <reporter-output>
          </reporter-output>
        </test-method> <!-- afterMethod -->
        <test-method is-config="true" signature="afterClass()[pri:0, instance:products.CreateDeleteProduct@2f4948e4]" started-at="2024-03-03T20:07:31 IST" name="afterClass" finished-at="2024-03-03T20:07:32 IST" duration-ms="661" status="PASS">
          <reporter-output>
          </reporter-output>
        </test-method> <!-- afterClass -->
      </class> <!-- products.CreateDeleteProduct -->
      <class name="products.CreateProduct">
        <test-method is-config="true" signature="beforeClass()[pri:0, instance:products.CreateProduct@6a78afa0]" started-at="2024-03-03T20:07:05 IST" name="beforeClass" finished-at="2024-03-03T20:07:07 IST" duration-ms="1470" status="PASS">
          <reporter-output>
          </reporter-output>
        </test-method> <!-- beforeClass -->
        <test-method is-config="true" signature="beforeMethod()[pri:0, instance:products.CreateProduct@6a78afa0]" started-at="2024-03-03T20:07:07 IST" name="beforeMethod" finished-at="2024-03-03T20:07:10 IST" duration-ms="2898" status="PASS">
          <reporter-output>
          </reporter-output>
        </test-method> <!-- beforeMethod -->
        <test-method signature="createProduct()[pri:0, instance:products.CreateProduct@6a78afa0]" started-at="2024-03-03T20:07:10 IST" name="createProduct" finished-at="2024-03-03T20:07:17 IST" duration-ms="7344" status="PASS">
          <reporter-output>
          </reporter-output>
        </test-method> <!-- createProduct -->
        <test-method is-config="true" signature="afterMethod()[pri:0, instance:products.CreateProduct@6a78afa0]" started-at="2024-03-03T20:07:17 IST" name="afterMethod" finished-at="2024-03-03T20:07:17 IST" duration-ms="1" status="PASS">
          <reporter-output>
          </reporter-output>
        </test-method> <!-- afterMethod -->
        <test-method is-config="true" signature="afterClass()[pri:0, instance:products.CreateProduct@6a78afa0]" started-at="2024-03-03T20:07:17 IST" name="afterClass" finished-at="2024-03-03T20:07:18 IST" duration-ms="688" status="PASS">
          <reporter-output>
          </reporter-output>
        </test-method> <!-- afterClass -->
      </class> <!-- products.CreateProduct -->
      <class name="organizations.CreateOrganization">
        <test-method is-config="true" signature="beforeSuite()[pri:0, instance:organizations.CreateOrganization@7586beff]" started-at="2024-03-03T20:06:49 IST" name="beforeSuite" finished-at="2024-03-03T20:06:49 IST" duration-ms="18" status="PASS">
          <reporter-output>
          </reporter-output>
        </test-method> <!-- beforeSuite -->
        <test-method is-config="true" signature="beforeTest()[pri:0, instance:organizations.CreateOrganization@7586beff]" started-at="2024-03-03T20:06:49 IST" name="beforeTest" finished-at="2024-03-03T20:06:49 IST" duration-ms="2" status="PASS">
          <reporter-output>
          </reporter-output>
        </test-method> <!-- beforeTest -->
        <test-method is-config="true" signature="beforeClass()[pri:0, instance:organizations.CreateOrganization@7586beff]" started-at="2024-03-03T20:06:49 IST" name="beforeClass" finished-at="2024-03-03T20:06:52 IST" duration-ms="2497" status="PASS">
          <reporter-output>
          </reporter-output>
        </test-method> <!-- beforeClass -->
        <test-method is-config="true" signature="beforeMethod()[pri:0, instance:organizations.CreateOrganization@7586beff]" started-at="2024-03-03T20:06:52 IST" name="beforeMethod" finished-at="2024-03-03T20:06:55 IST" duration-ms="3044" status="PASS">
          <reporter-output>
          </reporter-output>
        </test-method> <!-- beforeMethod -->
        <test-method signature="createOrganizaion()[pri:0, instance:organizations.CreateOrganization@7586beff]" started-at="2024-03-03T20:06:55 IST" name="createOrganizaion" finished-at="2024-03-03T20:07:04 IST" duration-ms="9558" status="PASS">
          <reporter-output>
          </reporter-output>
        </test-method> <!-- createOrganizaion -->
        <test-method is-config="true" signature="afterMethod()[pri:0, instance:organizations.CreateOrganization@7586beff]" started-at="2024-03-03T20:07:05 IST" name="afterMethod" finished-at="2024-03-03T20:07:05 IST" duration-ms="1" status="PASS">
          <reporter-output>
          </reporter-output>
        </test-method> <!-- afterMethod -->
        <test-method is-config="true" signature="afterClass()[pri:0, instance:organizations.CreateOrganization@7586beff]" started-at="2024-03-03T20:07:05 IST" name="afterClass" finished-at="2024-03-03T20:07:05 IST" duration-ms="732" status="PASS">
          <reporter-output>
          </reporter-output>
        </test-method> <!-- afterClass -->
        <test-method is-config="true" signature="afterTest()[pri:0, instance:organizations.CreateOrganization@7586beff]" started-at="2024-03-03T20:08:03 IST" name="afterTest" finished-at="2024-03-03T20:08:03 IST" duration-ms="0" status="PASS">
          <reporter-output>
          </reporter-output>
        </test-method> <!-- afterTest -->
        <test-method is-config="true" signature="afterSuite()[pri:0, instance:organizations.CreateOrganization@7586beff]" started-at="2024-03-03T20:08:03 IST" name="afterSuite" finished-at="2024-03-03T20:08:03 IST" duration-ms="0" status="PASS">
          <reporter-output>
          </reporter-output>
        </test-method> <!-- afterSuite -->
      </class> <!-- organizations.CreateOrganization -->
      <class name="campaigns.CreateCampWithProduct">
        <test-method is-config="true" signature="beforeClass()[pri:0, instance:campaigns.CreateCampWithProduct@10683d9d]" started-at="2024-03-03T20:07:44 IST" name="beforeClass" finished-at="2024-03-03T20:07:45 IST" duration-ms="1361" status="PASS">
          <reporter-output>
          </reporter-output>
        </test-method> <!-- beforeClass -->
        <test-method is-config="true" signature="beforeMethod()[pri:0, instance:campaigns.CreateCampWithProduct@10683d9d]" started-at="2024-03-03T20:07:45 IST" name="beforeMethod" finished-at="2024-03-03T20:07:48 IST" duration-ms="2863" status="PASS">
          <reporter-output>
          </reporter-output>
        </test-method> <!-- beforeMethod -->
        <test-method signature="createCampWithProduct()[pri:0, instance:campaigns.CreateCampWithProduct@10683d9d]" started-at="2024-03-03T20:07:48 IST" name="createCampWithProduct" finished-at="2024-03-03T20:08:02 IST" duration-ms="14028" status="PASS">
          <reporter-output>
          </reporter-output>
        </test-method> <!-- createCampWithProduct -->
        <test-method is-config="true" signature="afterMethod()[pri:0, instance:campaigns.CreateCampWithProduct@10683d9d]" started-at="2024-03-03T20:08:02 IST" name="afterMethod" finished-at="2024-03-03T20:08:02 IST" duration-ms="1" status="PASS">
          <reporter-output>
          </reporter-output>
        </test-method> <!-- afterMethod -->
        <test-method is-config="true" signature="afterClass()[pri:0, instance:campaigns.CreateCampWithProduct@10683d9d]" started-at="2024-03-03T20:08:02 IST" name="afterClass" finished-at="2024-03-03T20:08:03 IST" duration-ms="677" status="PASS">
          <reporter-output>
          </reporter-output>
        </test-method> <!-- afterClass -->
      </class> <!-- campaigns.CreateCampWithProduct -->
    </test> <!-- Test -->
  </suite> <!-- Suite -->
</testng-results>
